<?xml version="1.0" encoding="UTF-8"?>
<!-- Generated by org.testng.reporters.JUnitXMLReporter -->
<testsuite ignored="0" hostname="DESKTOP-2EN2APD" failures="0" tests="12" name="Surefire test" time="25.723" errors="0" timestamp="2023-12-01T17:35:31 IST">
  <testcase classname="api.test.DDTests" name="testPostuser" time="6.727"/>
  <testcase classname="api.test.DDTests" name="testPostuser" time="1.188"/>
  <testcase classname="api.test.DDTests" name="testPostuser" time="1.133"/>
  <testcase classname="api.test.DDTests" name="testPostuser" time="1.149"/>
  <testcase classname="api.test.DDTests" name="testDeleteUserByName" time="1.209"/>
  <testcase classname="api.test.DDTests" name="testDeleteUserByName" time="1.092"/>
  <testcase classname="api.test.DDTests" name="testDeleteUserByName" time="1.091"/>
  <testcase classname="api.test.DDTests" name="testDeleteUserByName" time="1.134"/>
  <testcase classname="api.test.UserTests" name="testPostUser" time="1.318"/>
  <testcase classname="api.test.UserTests" name="testGetUserByName" time="1.128"/>
  <testcase classname="api.test.UserTests" name="testUpdateUser" time="1.153"/>
  <testcase classname="api.test.UserTests" name="testDeleteUserByName" time="1.146"/>
</testsuite> <!-- Surefire test -->
