<?xml version="1.0" encoding="UTF-8"?>
<!-- Generated by org.testng.reporters.JUnitXMLReporter -->
<testsuite ignored="0" hostname="DESKTOP-2EN2APD" failures="0" tests="4" name="Default test" time="10.371" errors="0" timestamp="2023-12-01T14:52:57 IST">
  <testcase classname="api.test.UserTests" name="testPostUser" time="4.6"/>
  <testcase classname="api.test.UserTests" name="testGetUserByName" time="1.21"/>
  <testcase classname="api.test.UserTests" name="testUpdateUser" time="1.337"/>
  <testcase classname="api.test.UserTests" name="testDeleteUserByName" time="1.2"/>
</testsuite> <!-- Default test -->
