<?xml version="1.0" encoding="UTF-8"?>
<testsuite xmlns:xsi="http://www.w3.org/2001/XMLSchema-instance" xsi:noNamespaceSchemaLocation="https://maven.apache.org/surefire/maven-surefire-plugin/xsd/surefire-test-report-3.0.xsd" version="3.0" name="TestSuite" time="27.339" tests="12" errors="0" skipped="0" failures="0">
  <properties>
[...]
</properties>
  <testcase name="testPostuser[1111, testuser1, ira, joshi, a@gmail.com, 1234, 1234567890](1)" classname="api.test.DDTests" time="6.733">
    <system-out><![CDATA[ERROR StatusConsoleListener Unable to locate appender "File" for logger config "root"
]]></system-out>
  </testcase>
  <testcase name="testPostuser[1112, testuser2, ish, Kom, b@gmail.com, 3456, 2345678910](2)" classname="api.test.DDTests" time="1.184"/>
  <testcase name="testPostuser[1113, testuser3, om, hande, c@gmail.com, 7890, 3645789100](3)" classname="api.test.DDTests" time="1.133"/>
  <testcase name="testPostuser[1114, testuser4, kaya, mande, d@gmail.com, 1112, 4567891230](4)" classname="api.test.DDTests" time="1.149"/>
  <testcase name="testDeleteUserByName[testuser1](1)" classname="api.test.DDTests" time="1.211"/>
  <testcase name="testDeleteUserByName[testuser2](2)" classname="api.test.DDTests" time="1.091"/>
  <testcase name="testDeleteUserByName[testuser3](3)" classname="api.test.DDTests" time="1.088"/>
  <testcase name="testDeleteUserByName[testuser4](4)" classname="api.test.DDTests" time="1.135"/>
  <testcase name="testPostUser" classname="api.test.UserTests" time="1.331">
    <system-out><![CDATA[HTTP/1.1 200 OK
Date: Fri, 01 Dec 2023 12:05:28 GMT
Content-Type: application/json
Transfer-Encoding: chunked
Connection: keep-alive
Access-Control-Allow-Origin: *
Access-Control-Allow-Methods: GET, POST, DELETE, PUT
Access-Control-Allow-Headers: Content-Type, api_key, Authorization
Server: Jetty(9.2.9.v20150224)

{
    "code": 200,
    "type": "unknown",
    "message": "359917733"
}
]]></system-out>
  </testcase>
  <testcase name="testGetUserByName" classname="api.test.UserTests" time="1.152">
    <system-out><![CDATA[HTTP/1.1 200 OK
Date: Fri, 01 Dec 2023 12:05:29 GMT
Content-Type: application/json
Transfer-Encoding: chunked
Connection: keep-alive
Access-Control-Allow-Origin: *
Access-Control-Allow-Methods: GET, POST, DELETE, PUT
Access-Control-Allow-Headers: Content-Type, api_key, Authorization
Server: Jetty(9.2.9.v20150224)

{
    "id": 359917733,
    "username": "hollie.okeefe",
    "firstName": "Desirae",
    "lastName": "Will",
    "email": "garrett.rice@yahoo.com",
    "password": "kwpftnfmsmopl",
    "phone": "1-073-103-0587",
    "userStatus": 0
}
]]></system-out>
  </testcase>
  <testcase name="testUpdateUser" classname="api.test.UserTests" time="1.155">
    <system-out><![CDATA[HTTP/1.1 200 OK
Date: Fri, 01 Dec 2023 12:05:30 GMT
Content-Type: application/json
Transfer-Encoding: chunked
Connection: keep-alive
Access-Control-Allow-Origin: *
Access-Control-Allow-Methods: GET, POST, DELETE, PUT
Access-Control-Allow-Headers: Content-Type, api_key, Authorization
Server: Jetty(9.2.9.v20150224)

{
    "code": 200,
    "type": "unknown",
    "message": "359917733"
}
]]></system-out>
  </testcase>
  <testcase name="testDeleteUserByName" classname="api.test.UserTests" time="1.127">
    <system-out><![CDATA[HTTP/1.1 200 OK
Date: Fri, 01 Dec 2023 12:05:31 GMT
Content-Type: application/json
Transfer-Encoding: chunked
Connection: keep-alive
Access-Control-Allow-Origin: *
Access-Control-Allow-Methods: GET, POST, DELETE, PUT
Access-Control-Allow-Headers: Content-Type, api_key, Authorization
Server: Jetty(9.2.9.v20150224)

{
    "id": 359917733,
    "username": "johnathan.kuhn",
    "firstName": "Wendell",
    "lastName": "Nader",
    "email": "garrett.rice@yahoo.com",
    "password": "kwpftnfmsmopl",
    "phone": "1-073-103-0587",
    "userStatus": 0
}
]]></system-out>
  </testcase>
</testsuite>