<?xml version="1.0" encoding="UTF-8"?>
<!-- Generated by org.testng.reporters.JUnitXMLReporter -->
<testsuite ignored="0" hostname="DESKTOP-2EN2APD" failures="0" tests="12" name="PetTest" time="22.122" errors="0" timestamp="2023-12-01T14:56:12 IST">
  <testcase classname="api.test.UserTests" name="testPostUser" time="4.747"/>
  <testcase classname="api.test.UserTests" name="testGetUserByName" time="1.202"/>
  <testcase classname="api.test.UserTests" name="testUpdateUser" time="1.149"/>
  <testcase classname="api.test.UserTests" name="testDeleteUserByName" time="1.148"/>
  <testcase classname="api.test.DDTests" name="testPostuser" time="1.151"/>
  <testcase classname="api.test.DDTests" name="testPostuser" time="1.123"/>
  <testcase classname="api.test.DDTests" name="testPostuser" time="1.135"/>
  <testcase classname="api.test.DDTests" name="testPostuser" time="1.117"/>
  <testcase classname="api.test.DDTests" name="testDeleteUserByName" time="1.129"/>
  <testcase classname="api.test.DDTests" name="testDeleteUserByName" time="1.092"/>
  <testcase classname="api.test.DDTests" name="testDeleteUserByName" time="1.134"/>
  <testcase classname="api.test.DDTests" name="testDeleteUserByName" time="1.127"/>
</testsuite> <!-- PetTest -->
